  colorz_cosmos.cpp
C:\WorkStation\colorz_cosmos\colorz_cosmos\colorz_cosmos.cpp(60,16): warning C4244: 'return': '__int64'에서 'const int'(으)로 변환하면서 데이터가 손실될 수 있습니다.
C:\WorkStation\colorz_cosmos\colorz_cosmos\colorz_cosmos.cpp(66,16): warning C4244: 'return': '__int64'에서 'const int'(으)로 변환하면서 데이터가 손실될 수 있습니다.
C:\WorkStation\colorz_cosmos\colorz_cosmos\colorz_cosmos.cpp(101,20): warning C4244: '인수': '__int64'에서 'const unsigned int'(으)로 변환하면서 데이터가 손실될 수 있습니다.
C:\WorkStation\colorz_cosmos\colorz_cosmos\colorz_cosmos.cpp(101,23): warning C4244: '인수': '__int64'에서 'const unsigned int'(으)로 변환하면서 데이터가 손실될 수 있습니다.
C:\WorkStation\colorz_cosmos\colorz_cosmos\colorz_cosmos.cpp(104,26): warning C4244: '인수': '__int64'에서 'const unsigned int'(으)로 변환하면서 데이터가 손실될 수 있습니다.
C:\WorkStation\colorz_cosmos\colorz_cosmos\colorz_cosmos.cpp(104,29): warning C4244: '인수': '__int64'에서 'const unsigned int'(으)로 변환하면서 데이터가 손실될 수 있습니다.
C:\WorkStation\colorz_cosmos\colorz_cosmos\colorz_cosmos.cpp(104,15): warning C4244: '초기화 중': '__int64'에서 'int'(으)로 변환하면서 데이터가 손실될 수 있습니다.
C:\WorkStation\colorz_cosmos\colorz_cosmos\colorz_cosmos.cpp(113,35): warning C4244: '인수': '__int64'에서 'const unsigned int'(으)로 변환하면서 데이터가 손실될 수 있습니다.
C:\WorkStation\colorz_cosmos\colorz_cosmos\colorz_cosmos.cpp(113,38): warning C4244: '인수': '__int64'에서 'const unsigned int'(으)로 변환하면서 데이터가 손실될 수 있습니다.
C:\WorkStation\colorz_cosmos\colorz_cosmos\colorz_cosmos.cpp(116,24): warning C4244: '인수': '__int64'에서 'const unsigned int'(으)로 변환하면서 데이터가 손실될 수 있습니다.
C:\WorkStation\colorz_cosmos\colorz_cosmos\colorz_cosmos.cpp(116,29): warning C4244: '인수': '__int64'에서 'const unsigned int'(으)로 변환하면서 데이터가 손실될 수 있습니다.
C:\WorkStation\colorz_cosmos\colorz_cosmos\colorz_cosmos.cpp(117,24): warning C4244: '인수': '__int64'에서 'const unsigned int'(으)로 변환하면서 데이터가 손실될 수 있습니다.
C:\WorkStation\colorz_cosmos\colorz_cosmos\colorz_cosmos.cpp(117,29): warning C4244: '인수': '__int64'에서 'const unsigned int'(으)로 변환하면서 데이터가 손실될 수 있습니다.
C:\WorkStation\colorz_cosmos\colorz_cosmos\colorz_cosmos.cpp(121,22): warning C4244: '인수': '__int64'에서 'const unsigned int'(으)로 변환하면서 데이터가 손실될 수 있습니다.
C:\WorkStation\colorz_cosmos\colorz_cosmos\colorz_cosmos.cpp(121,27): warning C4244: '인수': '__int64'에서 'const unsigned int'(으)로 변환하면서 데이터가 손실될 수 있습니다.
C:\WorkStation\colorz_cosmos\colorz_cosmos\colorz_cosmos.cpp(122,22): warning C4244: '인수': '__int64'에서 'const unsigned int'(으)로 변환하면서 데이터가 손실될 수 있습니다.
C:\WorkStation\colorz_cosmos\colorz_cosmos\colorz_cosmos.cpp(122,27): warning C4244: '인수': '__int64'에서 'const unsigned int'(으)로 변환하면서 데이터가 손실될 수 있습니다.
C:\WorkStation\colorz_cosmos\colorz_cosmos\colorz_cosmos.cpp(126,24): warning C4244: '인수': '__int64'에서 'const unsigned int'(으)로 변환하면서 데이터가 손실될 수 있습니다.
C:\WorkStation\colorz_cosmos\colorz_cosmos\colorz_cosmos.cpp(126,29): warning C4244: '인수': '__int64'에서 'const unsigned int'(으)로 변환하면서 데이터가 손실될 수 있습니다.
C:\WorkStation\colorz_cosmos\colorz_cosmos\colorz_cosmos.cpp(127,24): warning C4244: '인수': '__int64'에서 'const unsigned int'(으)로 변환하면서 데이터가 손실될 수 있습니다.
C:\WorkStation\colorz_cosmos\colorz_cosmos\colorz_cosmos.cpp(127,29): warning C4244: '인수': '__int64'에서 'const unsigned int'(으)로 변환하면서 데이터가 손실될 수 있습니다.
C:\WorkStation\colorz_cosmos\colorz_cosmos\colorz_cosmos.cpp(131,22): warning C4244: '인수': '__int64'에서 'const unsigned int'(으)로 변환하면서 데이터가 손실될 수 있습니다.
C:\WorkStation\colorz_cosmos\colorz_cosmos\colorz_cosmos.cpp(131,27): warning C4244: '인수': '__int64'에서 'const unsigned int'(으)로 변환하면서 데이터가 손실될 수 있습니다.
C:\WorkStation\colorz_cosmos\colorz_cosmos\colorz_cosmos.cpp(132,22): warning C4244: '인수': '__int64'에서 'const unsigned int'(으)로 변환하면서 데이터가 손실될 수 있습니다.
C:\WorkStation\colorz_cosmos\colorz_cosmos\colorz_cosmos.cpp(132,27): warning C4244: '인수': '__int64'에서 'const unsigned int'(으)로 변환하면서 데이터가 손실될 수 있습니다.
C:\WorkStation\colorz_cosmos\colorz_cosmos\colorz_cosmos.cpp(135,18): warning C4244: '인수': '__int64'에서 'const unsigned int'(으)로 변환하면서 데이터가 손실될 수 있습니다.
C:\WorkStation\colorz_cosmos\colorz_cosmos\colorz_cosmos.cpp(135,21): warning C4244: '인수': '__int64'에서 'const unsigned int'(으)로 변환하면서 데이터가 손실될 수 있습니다.
C:\WorkStation\colorz_cosmos\colorz_cosmos\colorz_cosmos.cpp(136,23): warning C4244: '인수': '__int64'에서 'const unsigned int'(으)로 변환하면서 데이터가 손실될 수 있습니다.
C:\WorkStation\colorz_cosmos\colorz_cosmos\colorz_cosmos.cpp(136,26): warning C4244: '인수': '__int64'에서 'const unsigned int'(으)로 변환하면서 데이터가 손실될 수 있습니다.
C:\WorkStation\colorz_cosmos\colorz_cosmos\colorz_cosmos.cpp(136,51): warning C4244: '인수': '__int64'에서 'const unsigned int'(으)로 변환하면서 데이터가 손실될 수 있습니다.
C:\WorkStation\colorz_cosmos\colorz_cosmos\colorz_cosmos.cpp(136,54): warning C4244: '인수': '__int64'에서 'const unsigned int'(으)로 변환하면서 데이터가 손실될 수 있습니다.
C:\WorkStation\colorz_cosmos\colorz_cosmos\colorz_cosmos.cpp(174,18): warning C4244: '인수': '__int64'에서 'const unsigned int'(으)로 변환하면서 데이터가 손실될 수 있습니다.
C:\WorkStation\colorz_cosmos\colorz_cosmos\colorz_cosmos.cpp(175,23): warning C4244: '인수': '__int64'에서 'const unsigned int'(으)로 변환하면서 데이터가 손실될 수 있습니다.
C:\WorkStation\colorz_cosmos\colorz_cosmos\colorz_cosmos.cpp(176,21): warning C4244: '인수': '__int64'에서 'const unsigned int'(으)로 변환하면서 데이터가 손실될 수 있습니다.
C:\WorkStation\colorz_cosmos\colorz_cosmos\colorz_cosmos.cpp(179,25): warning C4244: '인수': '__int64'에서 'const unsigned int'(으)로 변환하면서 데이터가 손실될 수 있습니다.
C:\WorkStation\colorz_cosmos\colorz_cosmos\colorz_cosmos.cpp(180,30): warning C4244: '인수': '__int64'에서 'const unsigned int'(으)로 변환하면서 데이터가 손실될 수 있습니다.
C:\WorkStation\colorz_cosmos\colorz_cosmos\colorz_cosmos.cpp(181,28): warning C4244: '인수': '__int64'에서 'const unsigned int'(으)로 변환하면서 데이터가 손실될 수 있습니다.
C:\WorkStation\colorz_cosmos\colorz_cosmos\colorz_cosmos.cpp(196,71): warning C4244: '인수': '_Rep'에서 'unsigned int'(으)로 변환하면서 데이터가 손실될 수 있습니다.
          with
          [
              _Rep=std::chrono::system_clock::rep
          ]
C:\WorkStation\colorz_cosmos\colorz_cosmos\colorz_cosmos.cpp(219,27): warning C4244: '인수': '__int64'에서 'const unsigned int'(으)로 변환하면서 데이터가 손실될 수 있습니다.
C:\WorkStation\colorz_cosmos\colorz_cosmos\colorz_cosmos.cpp(219,30): warning C4244: '인수': '__int64'에서 'const unsigned int'(으)로 변환하면서 데이터가 손실될 수 있습니다.
C:\WorkStation\colorz_cosmos\colorz_cosmos\colorz_cosmos.cpp(219,47): warning C4244: '인수': '__int64'에서 'const unsigned int'(으)로 변환하면서 데이터가 손실될 수 있습니다.
C:\WorkStation\colorz_cosmos\colorz_cosmos\colorz_cosmos.cpp(219,50): warning C4244: '인수': '__int64'에서 'const unsigned int'(으)로 변환하면서 데이터가 손실될 수 있습니다.
C:\WorkStation\colorz_cosmos\colorz_cosmos\colorz_cosmos.cpp(221,31): warning C4244: '인수': '__int64'에서 'short'(으)로 변환하면서 데이터가 손실될 수 있습니다.
C:\WorkStation\colorz_cosmos\colorz_cosmos\colorz_cosmos.cpp(221,28): warning C4244: '인수': '__int64'에서 'short'(으)로 변환하면서 데이터가 손실될 수 있습니다.
C:\WorkStation\colorz_cosmos\colorz_cosmos\colorz_cosmos.cpp(223,27): warning C4244: '인수': '__int64'에서 'const unsigned int'(으)로 변환하면서 데이터가 손실될 수 있습니다.
C:\WorkStation\colorz_cosmos\colorz_cosmos\colorz_cosmos.cpp(223,30): warning C4244: '인수': '__int64'에서 'const unsigned int'(으)로 변환하면서 데이터가 손실될 수 있습니다.
C:\WorkStation\colorz_cosmos\colorz_cosmos\colorz_cosmos.cpp(223,46): warning C4244: '인수': '__int64'에서 'const unsigned int'(으)로 변환하면서 데이터가 손실될 수 있습니다.
C:\WorkStation\colorz_cosmos\colorz_cosmos\colorz_cosmos.cpp(223,49): warning C4244: '인수': '__int64'에서 'const unsigned int'(으)로 변환하면서 데이터가 손실될 수 있습니다.
C:\WorkStation\colorz_cosmos\colorz_cosmos\colorz_cosmos.cpp(223,51): warning C4244: '인수': '__int64'에서 'const int'(으)로 변환하면서 데이터가 손실될 수 있습니다.
C:\WorkStation\colorz_cosmos\colorz_cosmos\colorz_cosmos.cpp(228,35): warning C4244: '인수': '__int64'에서 'const unsigned int'(으)로 변환하면서 데이터가 손실될 수 있습니다.
C:\WorkStation\colorz_cosmos\colorz_cosmos\colorz_cosmos.cpp(228,38): warning C4244: '인수': '__int64'에서 'const unsigned int'(으)로 변환하면서 데이터가 손실될 수 있습니다.
C:\WorkStation\colorz_cosmos\colorz_cosmos\colorz_cosmos.cpp(229,35): warning C4244: '인수': '__int64'에서 'const unsigned int'(으)로 변환하면서 데이터가 손실될 수 있습니다.
C:\WorkStation\colorz_cosmos\colorz_cosmos\colorz_cosmos.cpp(229,38): warning C4244: '인수': '__int64'에서 'const unsigned int'(으)로 변환하면서 데이터가 손실될 수 있습니다.
C:\WorkStation\colorz_cosmos\colorz_cosmos\colorz_cosmos.cpp(230,40): warning C4244: '인수': '__int64'에서 'const unsigned int'(으)로 변환하면서 데이터가 손실될 수 있습니다.
C:\WorkStation\colorz_cosmos\colorz_cosmos\colorz_cosmos.cpp(230,43): warning C4244: '인수': '__int64'에서 'const unsigned int'(으)로 변환하면서 데이터가 손실될 수 있습니다.
C:\WorkStation\colorz_cosmos\colorz_cosmos\colorz_cosmos.cpp(231,35): warning C4244: '인수': '__int64'에서 'const unsigned int'(으)로 변환하면서 데이터가 손실될 수 있습니다.
C:\WorkStation\colorz_cosmos\colorz_cosmos\colorz_cosmos.cpp(231,38): warning C4244: '인수': '__int64'에서 'const unsigned int'(으)로 변환하면서 데이터가 손실될 수 있습니다.
C:\WorkStation\colorz_cosmos\colorz_cosmos\colorz_cosmos.cpp(231,51): warning C4244: '인수': '__int64'에서 'const unsigned int'(으)로 변환하면서 데이터가 손실될 수 있습니다.
C:\WorkStation\colorz_cosmos\colorz_cosmos\colorz_cosmos.cpp(231,54): warning C4244: '인수': '__int64'에서 'const unsigned int'(으)로 변환하면서 데이터가 손실될 수 있습니다.
C:\WorkStation\colorz_cosmos\colorz_cosmos\colorz_cosmos.cpp(231,59): warning C4244: '=': '__int64'에서 'char'(으)로 변환하면서 데이터가 손실될 수 있습니다.
C:\WorkStation\colorz_cosmos\colorz_cosmos\colorz_cosmos.cpp(232,40): warning C4244: '인수': '__int64'에서 'const unsigned int'(으)로 변환하면서 데이터가 손실될 수 있습니다.
C:\WorkStation\colorz_cosmos\colorz_cosmos\colorz_cosmos.cpp(232,43): warning C4244: '인수': '__int64'에서 'const unsigned int'(으)로 변환하면서 데이터가 손실될 수 있습니다.
C:\WorkStation\colorz_cosmos\colorz_cosmos\colorz_cosmos.cpp(233,35): warning C4244: '인수': '__int64'에서 'const unsigned int'(으)로 변환하면서 데이터가 손실될 수 있습니다.
C:\WorkStation\colorz_cosmos\colorz_cosmos\colorz_cosmos.cpp(233,38): warning C4244: '인수': '__int64'에서 'const unsigned int'(으)로 변환하면서 데이터가 손실될 수 있습니다.
C:\WorkStation\colorz_cosmos\colorz_cosmos\colorz_cosmos.cpp(233,57): warning C4244: '인수': '__int64'에서 'const unsigned int'(으)로 변환하면서 데이터가 손실될 수 있습니다.
C:\WorkStation\colorz_cosmos\colorz_cosmos\colorz_cosmos.cpp(233,60): warning C4244: '인수': '__int64'에서 'const unsigned int'(으)로 변환하면서 데이터가 손실될 수 있습니다.
C:\WorkStation\colorz_cosmos\colorz_cosmos\colorz_cosmos.cpp(233,65): warning C4244: '=': '__int64'에서 'char'(으)로 변환하면서 데이터가 손실될 수 있습니다.
C:\WorkStation\colorz_cosmos\colorz_cosmos\colorz_cosmos.cpp(234,40): warning C4244: '인수': '__int64'에서 'const unsigned int'(으)로 변환하면서 데이터가 손실될 수 있습니다.
C:\WorkStation\colorz_cosmos\colorz_cosmos\colorz_cosmos.cpp(234,43): warning C4244: '인수': '__int64'에서 'const unsigned int'(으)로 변환하면서 데이터가 손실될 수 있습니다.
C:\WorkStation\colorz_cosmos\colorz_cosmos\colorz_cosmos.cpp(235,35): warning C4244: '인수': '__int64'에서 'const unsigned int'(으)로 변환하면서 데이터가 손실될 수 있습니다.
C:\WorkStation\colorz_cosmos\colorz_cosmos\colorz_cosmos.cpp(235,38): warning C4244: '인수': '__int64'에서 'const unsigned int'(으)로 변환하면서 데이터가 손실될 수 있습니다.
C:\WorkStation\colorz_cosmos\colorz_cosmos\colorz_cosmos.cpp(235,58): warning C4244: '인수': '__int64'에서 'const unsigned int'(으)로 변환하면서 데이터가 손실될 수 있습니다.
C:\WorkStation\colorz_cosmos\colorz_cosmos\colorz_cosmos.cpp(235,61): warning C4244: '인수': '__int64'에서 'const unsigned int'(으)로 변환하면서 데이터가 손실될 수 있습니다.
C:\WorkStation\colorz_cosmos\colorz_cosmos\colorz_cosmos.cpp(235,49): warning C4244: '=': '__int64'에서 'char'(으)로 변환하면서 데이터가 손실될 수 있습니다.
C:\WorkStation\colorz_cosmos\colorz_cosmos\colorz_cosmos.cpp(237,35): warning C4244: '인수': '__int64'에서 'const unsigned int'(으)로 변환하면서 데이터가 손실될 수 있습니다.
C:\WorkStation\colorz_cosmos\colorz_cosmos\colorz_cosmos.cpp(237,38): warning C4244: '인수': '__int64'에서 'const unsigned int'(으)로 변환하면서 데이터가 손실될 수 있습니다.
C:\WorkStation\colorz_cosmos\colorz_cosmos\colorz_cosmos.cpp(241,35): warning C4244: '인수': '__int64'에서 'const unsigned int'(으)로 변환하면서 데이터가 손실될 수 있습니다.
C:\WorkStation\colorz_cosmos\colorz_cosmos\colorz_cosmos.cpp(241,38): warning C4244: '인수': '__int64'에서 'const unsigned int'(으)로 변환하면서 데이터가 손실될 수 있습니다.
C:\WorkStation\colorz_cosmos\colorz_cosmos\colorz_cosmos.cpp(242,35): warning C4244: '인수': '__int64'에서 'const unsigned int'(으)로 변환하면서 데이터가 손실될 수 있습니다.
C:\WorkStation\colorz_cosmos\colorz_cosmos\colorz_cosmos.cpp(242,38): warning C4244: '인수': '__int64'에서 'const unsigned int'(으)로 변환하면서 데이터가 손실될 수 있습니다.
C:\WorkStation\colorz_cosmos\colorz_cosmos\colorz_cosmos.cpp(243,40): warning C4244: '인수': '__int64'에서 'const unsigned int'(으)로 변환하면서 데이터가 손실될 수 있습니다.
C:\WorkStation\colorz_cosmos\colorz_cosmos\colorz_cosmos.cpp(243,43): warning C4244: '인수': '__int64'에서 'const unsigned int'(으)로 변환하면서 데이터가 손실될 수 있습니다.
C:\WorkStation\colorz_cosmos\colorz_cosmos\colorz_cosmos.cpp(244,35): warning C4244: '인수': '__int64'에서 'const unsigned int'(으)로 변환하면서 데이터가 손실될 수 있습니다.
C:\WorkStation\colorz_cosmos\colorz_cosmos\colorz_cosmos.cpp(244,38): warning C4244: '인수': '__int64'에서 'const unsigned int'(으)로 변환하면서 데이터가 손실될 수 있습니다.
C:\WorkStation\colorz_cosmos\colorz_cosmos\colorz_cosmos.cpp(244,51): warning C4244: '인수': '__int64'에서 'const unsigned int'(으)로 변환하면서 데이터가 손실될 수 있습니다.
C:\WorkStation\colorz_cosmos\colorz_cosmos\colorz_cosmos.cpp(244,54): warning C4244: '인수': '__int64'에서 'const unsigned int'(으)로 변환하면서 데이터가 손실될 수 있습니다.
C:\WorkStation\colorz_cosmos\colorz_cosmos\colorz_cosmos.cpp(244,59): warning C4244: '=': '__int64'에서 'char'(으)로 변환하면서 데이터가 손실될 수 있습니다.
C:\WorkStation\colorz_cosmos\colorz_cosmos\colorz_cosmos.cpp(246,35): warning C4244: '인수': '__int64'에서 'const unsigned int'(으)로 변환하면서 데이터가 손실될 수 있습니다.
C:\WorkStation\colorz_cosmos\colorz_cosmos\colorz_cosmos.cpp(246,38): warning C4244: '인수': '__int64'에서 'const unsigned int'(으)로 변환하면서 데이터가 손실될 수 있습니다.
C:\WorkStation\colorz_cosmos\colorz_cosmos\colorz_cosmos.cpp(249,47): warning C4244: '인수': '__int64'에서 'const unsigned int'(으)로 변환하면서 데이터가 손실될 수 있습니다.
C:\WorkStation\colorz_cosmos\colorz_cosmos\colorz_cosmos.cpp(249,50): warning C4244: '인수': '__int64'에서 'const unsigned int'(으)로 변환하면서 데이터가 손실될 수 있습니다.
C:\WorkStation\colorz_cosmos\colorz_cosmos\colorz_cosmos.cpp(249,68): warning C4244: '인수': '__int64'에서 'const unsigned int'(으)로 변환하면서 데이터가 손실될 수 있습니다.
C:\WorkStation\colorz_cosmos\colorz_cosmos\colorz_cosmos.cpp(249,71): warning C4244: '인수': '__int64'에서 'const unsigned int'(으)로 변환하면서 데이터가 손실될 수 있습니다.
C:\WorkStation\colorz_cosmos\colorz_cosmos\colorz_cosmos.cpp(251,35): warning C4244: '인수': '__int64'에서 'const unsigned int'(으)로 변환하면서 데이터가 손실될 수 있습니다.
C:\WorkStation\colorz_cosmos\colorz_cosmos\colorz_cosmos.cpp(251,38): warning C4244: '인수': '__int64'에서 'const unsigned int'(으)로 변환하면서 데이터가 손실될 수 있습니다.
C:\WorkStation\colorz_cosmos\colorz_cosmos\colorz_cosmos.cpp(259,19): warning C4244: '인수': '__int64'에서 'short'(으)로 변환하면서 데이터가 손실될 수 있습니다.
C:\WorkStation\colorz_cosmos\colorz_cosmos\colorz_cosmos.cpp(262,19): warning C4244: '인수': '__int64'에서 'const unsigned int'(으)로 변환하면서 데이터가 손실될 수 있습니다.
C:\WorkStation\colorz_cosmos\colorz_cosmos\colorz_cosmos.cpp(265,19): warning C4244: '인수': '__int64'에서 'short'(으)로 변환하면서 데이터가 손실될 수 있습니다.
C:\WorkStation\colorz_cosmos\colorz_cosmos\colorz_cosmos.cpp(270,17): warning C4244: '인수': '__int64'에서 'DWORD'(으)로 변환하면서 데이터가 손실될 수 있습니다.
  코드를 생성하고 있습니다.
  1 of 455 functions ( 0.2%) were compiled, the rest were copied from previous compilation.
    0 functions were new in current compilation
    0 functions had inline decision re-evaluated but remain unchanged
  코드를 생성했습니다.
  colorz_cosmos.vcxproj -> C:\WorkStation\colorz_cosmos\Release\colorz_cosmos.exe
